<?xml version="1.0" encoding="UTF-8" ?>
<testsuite failures="0" time="0.112" errors="0" skipped="0" tests="14" name="sistemasdecaronas.projSi1.testes.TesteSistema">
  <properties>
[...]
</properties>
  <testcase time="0.057" classname="sistemasdecaronas.projSi1.testes.TesteSistema" name="testeAbrirSessao"/>
  <testcase time="0" classname="sistemasdecaronas.projSi1.testes.TesteSistema" name="testeGetAtributoUsuario"/>
  <testcase time="0.001" classname="sistemasdecaronas.projSi1.testes.TesteSistema" name="testaCadastrarCarona"/>
  <testcase time="0.001" classname="sistemasdecaronas.projSi1.testes.TesteSistema" name="testaGetAtributoCarona"/>
  <testcase time="0" classname="sistemasdecaronas.projSi1.testes.TesteSistema" name="testaLocalizarCarona"/>
  <testcase time="0" classname="sistemasdecaronas.projSi1.testes.TesteSistema" name="testaGetTrajeto"/>
  <testcase time="0" classname="sistemasdecaronas.projSi1.testes.TesteSistema" name="testaGetCarona"/>
  <testcase time="0" classname="sistemasdecaronas.projSi1.testes.TesteSistema" name="sugerirPontoEncontro"/>
  <testcase time="0" classname="sistemasdecaronas.projSi1.testes.TesteSistema" name="testaSolicitarVaga"/>
  <testcase time="0" classname="sistemasdecaronas.projSi1.testes.TesteSistema" name="testaGetAtributoSolicitacao"/>
  <testcase time="0.001" classname="sistemasdecaronas.projSi1.testes.TesteSistema" name="testaResponderSugestaoPontoEncontro"/>
  <testcase time="0.001" classname="sistemasdecaronas.projSi1.testes.TesteSistema" name="testaSolicitarVagaPontoEncontro"/>
  <testcase time="0" classname="sistemasdecaronas.projSi1.testes.TesteSistema" name="testaAceitarSolicitacaoPontoEncontro"/>
  <testcase time="0" classname="sistemasdecaronas.projSi1.testes.TesteSistema" name="testeLista"/>
</testsuite>